<?xml version="1.0" encoding="UTF-8"?>
<!-- Generated by org.testng.reporters.JUnitReportReporter -->
<testsuite skipped="0" hostname="DESKTOP-SBF4KVK" name="APITEST.Demo_TestNG" tests="3" failures="0" timestamp="2021-12-02T11:15:34 IST" time="6.850" errors="0">
  <testcase name="createboard" time="4.383" classname="APITEST.Demo_TestNG"/>
  <system-out/>
  <testcase name="getboard" time="1.042" classname="APITEST.Demo_TestNG"/>
  <system-out/>
  <testcase name="deleteboard" time="1.425" classname="APITEST.Demo_TestNG"/>
  <system-out/>
</testsuite> <!-- APITEST.Demo_TestNG -->
