<?xml version="1.0" encoding="UTF-8"?>
<!-- Generated by org.testng.reporters.JUnitReportReporter -->
<testsuite skipped="0" hostname="DESKTOP-SBF4KVK" name="APITEST.DemoTestng2" tests="1" failures="0" timestamp="2021-12-02T10:29:51 IST" time="0.009" errors="0">
  <testcase name="testcase3" time="0.009" classname="APITEST.DemoTestng2"/>
  <system-out/>
</testsuite> <!-- APITEST.DemoTestng2 -->
