<?xml version="1.0" encoding="UTF-8"?>
<!-- Generated by org.testng.reporters.JUnitReportReporter -->
<testsuite skipped="0" hostname="DESKTOP-SBF4KVK" name="APITEST.Demo_TestNG" tests="3" failures="0" timestamp="2021-12-01T12:29:07 IST" time="6.020" errors="0">
  <testcase name="createboard" time="3.815" classname="APITEST.Demo_TestNG"/>
  <system-out/>
  <testcase name="getboard" time="0.958" classname="APITEST.Demo_TestNG"/>
  <system-out/>
  <testcase name="deleteboard" time="1.247" classname="APITEST.Demo_TestNG"/>
  <system-out/>
</testsuite> <!-- APITEST.Demo_TestNG -->
